<?xml version="1.0" encoding="UTF-8"?>
<testsuite xmlns:xsi="http://www.w3.org/2001/XMLSchema-instance" xsi:noNamespaceSchemaLocation="https://maven.apache.org/surefire/maven-surefire-plugin/xsd/surefire-test-report.xsd" name="ar.edu.unlp.info.oo2.biblioteca.BibliotecaTest" time="0.06" tests="1" errors="1" skipped="0" failures="0">
  <properties>
[...]
</properties>
  <testcase name="testBiblio" classname="ar.edu.unlp.info.oo2.biblioteca.BibliotecaTest" time="0.054">
    <error message="Unresolved compilation problem: &#10;	Invalid character constant&#10;" type="java.lang.Error">java.lang.Error: 
Unresolved compilation problem: 
	Invalid character constant

	at ar.edu.unlp.info.oo2.biblioteca.BibliotecaTest.testBiblio(BibliotecaTest.java:13)
</error>
  </testcase>
</testsuite>